<?xml version="1.0" encoding="UTF-8"?>
<testng-results skipped="0" failed="0" total="1" passed="1">
  <reporter-output>
  </reporter-output>
  <suite name="Default suite" duration-ms="117174" started-at="2020-12-14T10:02:45Z" finished-at="2020-12-14T10:04:43Z">
    <groups>
    </groups>
    <test name="Default test" duration-ms="117174" started-at="2020-12-14T10:02:45Z" finished-at="2020-12-14T10:04:43Z">
      <class name="com.MakeMyTrip.TestCases.Bookwithlogin">
        <test-method status="PASS" signature="SearchProductAutomatically(java.util.Hashtable)[pri:0, instance:com.MakeMyTrip.TestCases.Bookwithlogin@9ba398]" name="SearchProductAutomatically" duration-ms="115544" started-at="2020-12-14T15:32:47Z" data-provider="DataRequiredForTesting" finished-at="2020-12-14T15:34:43Z">
          <params>
            <param index="0">
              <value>
                <![CDATA[{Place=Chandigarh, sheetname=Hotels, Comments=Booking Hotel}]]>
              </value>
            </param>
          </params>
          <reporter-output>
          </reporter-output>
        </test-method> <!-- SearchProductAutomatically -->
      </class> <!-- com.MakeMyTrip.TestCases.Bookwithlogin -->
    </test> <!-- Default test -->
  </suite> <!-- Default suite -->
</testng-results>
